[debug] [2020-04-15T01:12:49.737Z] ----------------------------------------------------------------------
[debug] [2020-04-15T01:12:49.740Z] Command:       C:\Program Files\nodejs\node.exe C:\Users\workgroup\AppData\Roaming\npm\node_modules\firebase-tools\lib\bin\firebase.js deploy
[debug] [2020-04-15T01:12:49.740Z] CLI Version:   8.0.3
[debug] [2020-04-15T01:12:49.740Z] Platform:      win32
[debug] [2020-04-15T01:12:49.740Z] Node Version:  v12.16.1
[debug] [2020-04-15T01:12:49.742Z] Time:          Tue Apr 14 2020 21:12:49 GMT-0400 (Eastern Daylight Time)
[debug] [2020-04-15T01:12:49.742Z] ----------------------------------------------------------------------
[debug] [2020-04-15T01:12:49.743Z] 
[debug] [2020-04-15T01:12:49.754Z] > command requires scopes: ["email","openid","https://www.googleapis.com/auth/cloudplatformprojects.readonly","https://www.googleapis.com/auth/firebase","https://www.googleapis.com/auth/cloud-platform"]
[debug] [2020-04-15T01:12:49.755Z] > authorizing via signed-in user
[debug] [2020-04-15T01:12:49.755Z] [iam] checking project emajohn-ecommerce for permissions ["firebase.projects.get","firebasehosting.sites.update"]
[debug] [2020-04-15T01:12:49.760Z] >>> HTTP REQUEST POST https://cloudresourcemanager.googleapis.com/v1/projects/emajohn-ecommerce:testIamPermissions  
 {"permissions":["firebase.projects.get","firebasehosting.sites.update"]}
[debug] [2020-04-15T01:12:50.003Z] <<< HTTP RESPONSE 200 {"content-type":"application/json; charset=UTF-8","vary":"X-Origin, Referer, Origin,Accept-Encoding","date":"Wed, 15 Apr 2020 01:12:51 GMT","server":"ESF","cache-control":"private","x-xss-protection":"0","x-frame-options":"SAMEORIGIN","x-content-type-options":"nosniff","server-timing":"gfet4t7; dur=65","alt-svc":"quic=\":443\"; ma=2592000; v=\"46,43\",h3-Q050=\":443\"; ma=2592000,h3-Q049=\":443\"; ma=2592000,h3-Q048=\":443\"; ma=2592000,h3-Q046=\":443\"; ma=2592000,h3-Q043=\":443\"; ma=2592000,h3-T050=\":443\"; ma=2592000","accept-ranges":"none","transfer-encoding":"chunked"}
[debug] [2020-04-15T01:12:50.005Z] >>> HTTP REQUEST GET https://firebase.googleapis.com/v1beta1/projects/emajohn-ecommerce  
 
[debug] [2020-04-15T01:12:50.262Z] <<< HTTP RESPONSE 200 {"content-type":"application/json; charset=UTF-8","vary":"X-Origin, Referer, Origin,Accept-Encoding","date":"Wed, 15 Apr 2020 01:12:51 GMT","server":"ESF","cache-control":"private","x-xss-protection":"0","x-frame-options":"SAMEORIGIN","x-content-type-options":"nosniff","alt-svc":"quic=\":443\"; ma=2592000; v=\"46,43\",h3-Q050=\":443\"; ma=2592000,h3-Q049=\":443\"; ma=2592000,h3-Q048=\":443\"; ma=2592000,h3-Q046=\":443\"; ma=2592000,h3-Q043=\":443\"; ma=2592000,h3-T050=\":443\"; ma=2592000","accept-ranges":"none","transfer-encoding":"chunked"}
[info] 
[info] === Deploying to 'emajohn-ecommerce'...
[info] 
[info] i  deploying hosting
[debug] [2020-04-15T01:12:50.271Z] >>> HTTP REQUEST POST https://firebasehosting.googleapis.com/v1beta1/sites/emajohn-ecommerce/versions  
 {"config":{"rewrites":[{"glob":"**","path":"/index.html"}]},"labels":{"deployment-tool":"cli-firebase"}}
[debug] [2020-04-15T01:12:51.477Z] <<< HTTP RESPONSE 200 {"content-type":"application/json; charset=UTF-8","vary":"X-Origin, Referer, Origin,Accept-Encoding","date":"Wed, 15 Apr 2020 01:12:52 GMT","server":"ESF","cache-control":"private","x-xss-protection":"0","x-frame-options":"SAMEORIGIN","x-content-type-options":"nosniff","alt-svc":"quic=\":443\"; ma=2592000; v=\"46,43\",h3-Q050=\":443\"; ma=2592000,h3-Q049=\":443\"; ma=2592000,h3-Q048=\":443\"; ma=2592000,h3-Q046=\":443\"; ma=2592000,h3-Q043=\":443\"; ma=2592000,h3-T050=\":443\"; ma=2592000","accept-ranges":"none","transfer-encoding":"chunked"}
[info] i  hosting[emajohn-ecommerce]: beginning deploy...
[info] i  hosting[emajohn-ecommerce]: found 20 files in build
[debug] [2020-04-15T01:12:51.496Z] [hosting] hash cache [YnVpbGQ] not populated
[debug] [2020-04-15T01:12:51.926Z] [hosting] hash cache [YnVpbGQ] stored for 20 files
[debug] [2020-04-15T01:12:51.927Z] [hosting][hash queue][FINAL] {"max":408,"min":24,"avg":54.2,"active":0,"complete":20,"success":20,"errored":0,"retried":0,"total":20,"elapsed":431}
[debug] [2020-04-15T01:12:51.928Z] >>> HTTP REQUEST POST https://firebasehosting.googleapis.com/v1beta1/sites/emajohn-ecommerce/versions/90bba6db6a00d73c:populateFiles  
 <request body omitted>
[debug] [2020-04-15T01:12:52.441Z] <<< HTTP RESPONSE 200 {"content-type":"application/json; charset=UTF-8","vary":"X-Origin, Referer, Origin,Accept-Encoding","date":"Wed, 15 Apr 2020 01:12:53 GMT","server":"ESF","cache-control":"private","x-xss-protection":"0","x-frame-options":"SAMEORIGIN","x-content-type-options":"nosniff","alt-svc":"quic=\":443\"; ma=2592000; v=\"46,43\",h3-Q050=\":443\"; ma=2592000,h3-Q049=\":443\"; ma=2592000,h3-Q048=\":443\"; ma=2592000,h3-Q046=\":443\"; ma=2592000,h3-Q043=\":443\"; ma=2592000,h3-T050=\":443\"; ma=2592000","accept-ranges":"none","transfer-encoding":"chunked"}
[debug] [2020-04-15T01:12:52.456Z] [hosting][populate queue][FINAL] {"max":529,"min":529,"avg":529,"active":0,"complete":1,"success":1,"errored":0,"retried":0,"total":1,"elapsed":542}
[debug] [2020-04-15T01:12:52.457Z] [hosting] uploads queued: 20
[debug] [2020-04-15T01:16:24.973Z] [uploadQueue] Retrying task 95d1c42718616b96867ef9fe5defea149b9ef347bf0beb69a583977b01e5bd85
[debug] [2020-04-15T01:18:45.875Z] ----------------------------------------------------------------------
[debug] [2020-04-15T01:18:45.878Z] Command:       C:\Program Files\nodejs\node.exe C:\Users\workgroup\AppData\Roaming\npm\node_modules\firebase-tools\lib\bin\firebase.js deploy
[debug] [2020-04-15T01:18:45.879Z] CLI Version:   8.0.3
[debug] [2020-04-15T01:18:45.879Z] Platform:      win32
[debug] [2020-04-15T01:18:45.879Z] Node Version:  v12.16.1
[debug] [2020-04-15T01:18:45.882Z] Time:          Tue Apr 14 2020 21:18:45 GMT-0400 (Eastern Daylight Time)
[debug] [2020-04-15T01:18:45.882Z] ----------------------------------------------------------------------
[debug] [2020-04-15T01:18:45.883Z] 
[debug] [2020-04-15T01:18:45.895Z] > command requires scopes: ["email","openid","https://www.googleapis.com/auth/cloudplatformprojects.readonly","https://www.googleapis.com/auth/firebase","https://www.googleapis.com/auth/cloud-platform"]
[debug] [2020-04-15T01:18:45.896Z] > authorizing via signed-in user
[debug] [2020-04-15T01:18:45.897Z] [iam] checking project emajohn-ecommerce for permissions ["firebase.projects.get","firebasehosting.sites.update"]
[debug] [2020-04-15T01:18:45.900Z] >>> HTTP REQUEST POST https://cloudresourcemanager.googleapis.com/v1/projects/emajohn-ecommerce:testIamPermissions  
 {"permissions":["firebase.projects.get","firebasehosting.sites.update"]}
[debug] [2020-04-15T01:18:46.155Z] <<< HTTP RESPONSE 200 {"content-type":"application/json; charset=UTF-8","vary":"X-Origin, Referer, Origin,Accept-Encoding","date":"Wed, 15 Apr 2020 01:18:47 GMT","server":"ESF","cache-control":"private","x-xss-protection":"0","x-frame-options":"SAMEORIGIN","x-content-type-options":"nosniff","server-timing":"gfet4t7; dur=52","alt-svc":"quic=\":443\"; ma=2592000; v=\"46,43\",h3-Q050=\":443\"; ma=2592000,h3-Q049=\":443\"; ma=2592000,h3-Q048=\":443\"; ma=2592000,h3-Q046=\":443\"; ma=2592000,h3-Q043=\":443\"; ma=2592000,h3-T050=\":443\"; ma=2592000","accept-ranges":"none","transfer-encoding":"chunked"}
[debug] [2020-04-15T01:18:46.157Z] >>> HTTP REQUEST GET https://firebase.googleapis.com/v1beta1/projects/emajohn-ecommerce  
 
[debug] [2020-04-15T01:18:46.433Z] <<< HTTP RESPONSE 200 {"content-type":"application/json; charset=UTF-8","vary":"X-Origin, Referer, Origin,Accept-Encoding","date":"Wed, 15 Apr 2020 01:18:47 GMT","server":"ESF","cache-control":"private","x-xss-protection":"0","x-frame-options":"SAMEORIGIN","x-content-type-options":"nosniff","alt-svc":"quic=\":443\"; ma=2592000; v=\"46,43\",h3-Q050=\":443\"; ma=2592000,h3-Q049=\":443\"; ma=2592000,h3-Q048=\":443\"; ma=2592000,h3-Q046=\":443\"; ma=2592000,h3-Q043=\":443\"; ma=2592000,h3-T050=\":443\"; ma=2592000","accept-ranges":"none","transfer-encoding":"chunked"}
[info] 
[info] === Deploying to 'emajohn-ecommerce'...
[info] 
[info] i  deploying hosting
[debug] [2020-04-15T01:18:46.438Z] >>> HTTP REQUEST POST https://firebasehosting.googleapis.com/v1beta1/sites/emajohn-ecommerce/versions  
 {"config":{"rewrites":[{"glob":"**","path":"/index.html"}]},"labels":{"deployment-tool":"cli-firebase"}}
[debug] [2020-04-15T01:18:47.245Z] <<< HTTP RESPONSE 200 {"content-type":"application/json; charset=UTF-8","vary":"X-Origin, Referer, Origin,Accept-Encoding","date":"Wed, 15 Apr 2020 01:18:48 GMT","server":"ESF","cache-control":"private","x-xss-protection":"0","x-frame-options":"SAMEORIGIN","x-content-type-options":"nosniff","alt-svc":"quic=\":443\"; ma=2592000; v=\"46,43\",h3-Q050=\":443\"; ma=2592000,h3-Q049=\":443\"; ma=2592000,h3-Q048=\":443\"; ma=2592000,h3-Q046=\":443\"; ma=2592000,h3-Q043=\":443\"; ma=2592000,h3-T050=\":443\"; ma=2592000","accept-ranges":"none","transfer-encoding":"chunked"}
[info] i  hosting[emajohn-ecommerce]: beginning deploy...
[info] i  hosting[emajohn-ecommerce]: found 20 files in build
[debug] [2020-04-15T01:18:47.265Z] [hosting] hash cache [YnVpbGQ] stored for 20 files
[debug] [2020-04-15T01:18:47.266Z] [hosting][hash queue][FINAL] {"max":3,"min":1,"avg":1,"active":0,"complete":20,"success":20,"errored":0,"retried":0,"total":20,"elapsed":6}
[debug] [2020-04-15T01:18:47.266Z] >>> HTTP REQUEST POST https://firebasehosting.googleapis.com/v1beta1/sites/emajohn-ecommerce/versions/a22258ce7971ed07:populateFiles  
 <request body omitted>
[debug] [2020-04-15T01:18:47.661Z] <<< HTTP RESPONSE 200 {"content-type":"application/json; charset=UTF-8","vary":"X-Origin, Referer, Origin,Accept-Encoding","date":"Wed, 15 Apr 2020 01:18:49 GMT","server":"ESF","cache-control":"private","x-xss-protection":"0","x-frame-options":"SAMEORIGIN","x-content-type-options":"nosniff","alt-svc":"quic=\":443\"; ma=2592000; v=\"46,43\",h3-Q050=\":443\"; ma=2592000,h3-Q049=\":443\"; ma=2592000,h3-Q048=\":443\"; ma=2592000,h3-Q046=\":443\"; ma=2592000,h3-Q043=\":443\"; ma=2592000,h3-T050=\":443\"; ma=2592000","accept-ranges":"none","transfer-encoding":"chunked"}
[debug] [2020-04-15T01:18:47.664Z] [hosting][populate queue][FINAL] {"max":398,"min":398,"avg":398,"active":0,"complete":1,"success":1,"errored":0,"retried":0,"total":1,"elapsed":400}
[debug] [2020-04-15T01:18:47.664Z] [hosting] uploads queued: 1
[debug] [2020-04-15T01:20:55.568Z] ----------------------------------------------------------------------
[debug] [2020-04-15T01:20:55.571Z] Command:       C:\Program Files\nodejs\node.exe C:\Users\workgroup\AppData\Roaming\npm\node_modules\firebase-tools\lib\bin\firebase.js deploy
[debug] [2020-04-15T01:20:55.571Z] CLI Version:   8.0.3
[debug] [2020-04-15T01:20:55.571Z] Platform:      win32
[debug] [2020-04-15T01:20:55.571Z] Node Version:  v12.16.1
[debug] [2020-04-15T01:20:55.573Z] Time:          Tue Apr 14 2020 21:20:55 GMT-0400 (Eastern Daylight Time)
[debug] [2020-04-15T01:20:55.574Z] ----------------------------------------------------------------------
[debug] [2020-04-15T01:20:55.574Z] 
[debug] [2020-04-15T01:20:55.584Z] > command requires scopes: ["email","openid","https://www.googleapis.com/auth/cloudplatformprojects.readonly","https://www.googleapis.com/auth/firebase","https://www.googleapis.com/auth/cloud-platform"]
[debug] [2020-04-15T01:20:55.585Z] > authorizing via signed-in user
[debug] [2020-04-15T01:20:55.585Z] [iam] checking project emajohn-ecommerce for permissions ["firebase.projects.get","firebasehosting.sites.update"]
[debug] [2020-04-15T01:20:55.589Z] >>> HTTP REQUEST POST https://cloudresourcemanager.googleapis.com/v1/projects/emajohn-ecommerce:testIamPermissions  
 {"permissions":["firebase.projects.get","firebasehosting.sites.update"]}
[debug] [2020-04-15T01:20:55.798Z] <<< HTTP RESPONSE 200 {"content-type":"application/json; charset=UTF-8","vary":"X-Origin, Referer, Origin,Accept-Encoding","date":"Wed, 15 Apr 2020 01:20:57 GMT","server":"ESF","cache-control":"private","x-xss-protection":"0","x-frame-options":"SAMEORIGIN","x-content-type-options":"nosniff","server-timing":"gfet4t7; dur=53","alt-svc":"quic=\":443\"; ma=2592000; v=\"46,43\",h3-Q050=\":443\"; ma=2592000,h3-Q049=\":443\"; ma=2592000,h3-Q048=\":443\"; ma=2592000,h3-Q046=\":443\"; ma=2592000,h3-Q043=\":443\"; ma=2592000,h3-T050=\":443\"; ma=2592000","accept-ranges":"none","transfer-encoding":"chunked"}
[debug] [2020-04-15T01:20:55.800Z] >>> HTTP REQUEST GET https://firebase.googleapis.com/v1beta1/projects/emajohn-ecommerce  
 
[debug] [2020-04-15T01:20:56.041Z] <<< HTTP RESPONSE 200 {"content-type":"application/json; charset=UTF-8","vary":"X-Origin, Referer, Origin,Accept-Encoding","date":"Wed, 15 Apr 2020 01:20:57 GMT","server":"ESF","cache-control":"private","x-xss-protection":"0","x-frame-options":"SAMEORIGIN","x-content-type-options":"nosniff","alt-svc":"quic=\":443\"; ma=2592000; v=\"46,43\",h3-Q050=\":443\"; ma=2592000,h3-Q049=\":443\"; ma=2592000,h3-Q048=\":443\"; ma=2592000,h3-Q046=\":443\"; ma=2592000,h3-Q043=\":443\"; ma=2592000,h3-T050=\":443\"; ma=2592000","accept-ranges":"none","transfer-encoding":"chunked"}
[info] 
[info] === Deploying to 'emajohn-ecommerce'...
[info] 
[info] i  deploying hosting
[debug] [2020-04-15T01:20:56.046Z] >>> HTTP REQUEST POST https://firebasehosting.googleapis.com/v1beta1/sites/emajohn-ecommerce/versions  
 {"config":{"rewrites":[{"glob":"**","path":"/index.html"}]},"labels":{"deployment-tool":"cli-firebase"}}
[debug] [2020-04-15T01:20:58.613Z] <<< HTTP RESPONSE 200 {"content-type":"application/json; charset=UTF-8","vary":"X-Origin, Referer, Origin,Accept-Encoding","date":"Wed, 15 Apr 2020 01:21:00 GMT","server":"ESF","cache-control":"private","x-xss-protection":"0","x-frame-options":"SAMEORIGIN","x-content-type-options":"nosniff","alt-svc":"quic=\":443\"; ma=2592000; v=\"46,43\",h3-Q050=\":443\"; ma=2592000,h3-Q049=\":443\"; ma=2592000,h3-Q048=\":443\"; ma=2592000,h3-Q046=\":443\"; ma=2592000,h3-Q043=\":443\"; ma=2592000,h3-T050=\":443\"; ma=2592000","accept-ranges":"none","transfer-encoding":"chunked"}
[info] i  hosting[emajohn-ecommerce]: beginning deploy...
[info] i  hosting[emajohn-ecommerce]: found 20 files in build
[debug] [2020-04-15T01:20:58.632Z] [hosting] hash cache [YnVpbGQ] stored for 20 files
[debug] [2020-04-15T01:20:58.633Z] [hosting][hash queue][FINAL] {"max":3,"min":0,"avg":0,"active":0,"complete":20,"success":20,"errored":0,"retried":0,"total":20,"elapsed":5}
[debug] [2020-04-15T01:20:58.633Z] >>> HTTP REQUEST POST https://firebasehosting.googleapis.com/v1beta1/sites/emajohn-ecommerce/versions/9d50b8ebfed29f36:populateFiles  
 <request body omitted>
[debug] [2020-04-15T01:20:59.117Z] <<< HTTP RESPONSE 200 {"content-type":"application/json; charset=UTF-8","vary":"X-Origin, Referer, Origin,Accept-Encoding","date":"Wed, 15 Apr 2020 01:21:00 GMT","server":"ESF","cache-control":"private","x-xss-protection":"0","x-frame-options":"SAMEORIGIN","x-content-type-options":"nosniff","alt-svc":"quic=\":443\"; ma=2592000; v=\"46,43\",h3-Q050=\":443\"; ma=2592000,h3-Q049=\":443\"; ma=2592000,h3-Q048=\":443\"; ma=2592000,h3-Q046=\":443\"; ma=2592000,h3-Q043=\":443\"; ma=2592000,h3-T050=\":443\"; ma=2592000","accept-ranges":"none","transfer-encoding":"chunked"}
[debug] [2020-04-15T01:20:59.120Z] [hosting][populate queue][FINAL] {"max":487,"min":487,"avg":487,"active":0,"complete":1,"success":1,"errored":0,"retried":0,"total":1,"elapsed":489}
[debug] [2020-04-15T01:20:59.120Z] [hosting] uploads queued: 1
[debug] [2020-04-15T01:22:47.261Z] [uploadQueue] Retrying task 95d1c42718616b96867ef9fe5defea149b9ef347bf0beb69a583977b01e5bd85
[debug] [2020-04-15T01:25:20.949Z] ----------------------------------------------------------------------
[debug] [2020-04-15T01:25:20.951Z] Command:       C:\Program Files\nodejs\node.exe C:\Users\workgroup\AppData\Roaming\npm\node_modules\firebase-tools\lib\bin\firebase.js deploy
[debug] [2020-04-15T01:25:20.952Z] CLI Version:   8.0.3
[debug] [2020-04-15T01:25:20.952Z] Platform:      win32
[debug] [2020-04-15T01:25:20.952Z] Node Version:  v12.16.1
[debug] [2020-04-15T01:25:20.954Z] Time:          Tue Apr 14 2020 21:25:20 GMT-0400 (Eastern Daylight Time)
[debug] [2020-04-15T01:25:20.954Z] ----------------------------------------------------------------------
[debug] [2020-04-15T01:25:20.954Z] 
[debug] [2020-04-15T01:25:20.965Z] > command requires scopes: ["email","openid","https://www.googleapis.com/auth/cloudplatformprojects.readonly","https://www.googleapis.com/auth/firebase","https://www.googleapis.com/auth/cloud-platform"]
[debug] [2020-04-15T01:25:20.966Z] > authorizing via signed-in user
[debug] [2020-04-15T01:25:20.966Z] [iam] checking project emajohn-ecommerce for permissions ["firebase.projects.get","firebasehosting.sites.update"]
[debug] [2020-04-15T01:25:20.970Z] >>> HTTP REQUEST POST https://cloudresourcemanager.googleapis.com/v1/projects/emajohn-ecommerce:testIamPermissions  
 {"permissions":["firebase.projects.get","firebasehosting.sites.update"]}
[debug] [2020-04-15T01:25:21.198Z] <<< HTTP RESPONSE 200 {"content-type":"application/json; charset=UTF-8","vary":"X-Origin, Referer, Origin,Accept-Encoding","date":"Wed, 15 Apr 2020 01:25:22 GMT","server":"ESF","cache-control":"private","x-xss-protection":"0","x-frame-options":"SAMEORIGIN","x-content-type-options":"nosniff","server-timing":"gfet4t7; dur=49","alt-svc":"quic=\":443\"; ma=2592000; v=\"46,43\",h3-Q050=\":443\"; ma=2592000,h3-Q049=\":443\"; ma=2592000,h3-Q048=\":443\"; ma=2592000,h3-Q046=\":443\"; ma=2592000,h3-Q043=\":443\"; ma=2592000,h3-T050=\":443\"; ma=2592000","accept-ranges":"none","transfer-encoding":"chunked"}
[debug] [2020-04-15T01:25:21.200Z] >>> HTTP REQUEST GET https://firebase.googleapis.com/v1beta1/projects/emajohn-ecommerce  
 
[debug] [2020-04-15T01:25:21.485Z] <<< HTTP RESPONSE 200 {"content-type":"application/json; charset=UTF-8","vary":"X-Origin, Referer, Origin,Accept-Encoding","date":"Wed, 15 Apr 2020 01:25:22 GMT","server":"ESF","cache-control":"private","x-xss-protection":"0","x-frame-options":"SAMEORIGIN","x-content-type-options":"nosniff","alt-svc":"quic=\":443\"; ma=2592000; v=\"46,43\",h3-Q050=\":443\"; ma=2592000,h3-Q049=\":443\"; ma=2592000,h3-Q048=\":443\"; ma=2592000,h3-Q046=\":443\"; ma=2592000,h3-Q043=\":443\"; ma=2592000,h3-T050=\":443\"; ma=2592000","accept-ranges":"none","transfer-encoding":"chunked"}
[info] 
[info] === Deploying to 'emajohn-ecommerce'...
[info] 
[info] i  deploying hosting
[debug] [2020-04-15T01:25:21.496Z] >>> HTTP REQUEST POST https://firebasehosting.googleapis.com/v1beta1/sites/emajohn-ecommerce/versions  
 {"config":{"rewrites":[{"glob":"**","path":"/index.html"}]},"labels":{"deployment-tool":"cli-firebase"}}
[debug] [2020-04-15T01:25:22.217Z] <<< HTTP RESPONSE 200 {"content-type":"application/json; charset=UTF-8","vary":"X-Origin, Referer, Origin,Accept-Encoding","date":"Wed, 15 Apr 2020 01:25:23 GMT","server":"ESF","cache-control":"private","x-xss-protection":"0","x-frame-options":"SAMEORIGIN","x-content-type-options":"nosniff","alt-svc":"quic=\":443\"; ma=2592000; v=\"46,43\",h3-Q050=\":443\"; ma=2592000,h3-Q049=\":443\"; ma=2592000,h3-Q048=\":443\"; ma=2592000,h3-Q046=\":443\"; ma=2592000,h3-Q043=\":443\"; ma=2592000,h3-T050=\":443\"; ma=2592000","accept-ranges":"none","transfer-encoding":"chunked"}
[info] i  hosting[emajohn-ecommerce]: beginning deploy...
[info] i  hosting[emajohn-ecommerce]: found 20 files in build
[debug] [2020-04-15T01:25:22.240Z] [hosting] hash cache [YnVpbGQ] stored for 20 files
[debug] [2020-04-15T01:25:22.241Z] [hosting][hash queue][FINAL] {"max":3,"min":1,"avg":1,"active":0,"complete":20,"success":20,"errored":0,"retried":0,"total":20,"elapsed":6}
[debug] [2020-04-15T01:25:22.242Z] >>> HTTP REQUEST POST https://firebasehosting.googleapis.com/v1beta1/sites/emajohn-ecommerce/versions/1efe00f5290012e8:populateFiles  
 <request body omitted>
[debug] [2020-04-15T01:25:22.722Z] <<< HTTP RESPONSE 200 {"content-type":"application/json; charset=UTF-8","vary":"X-Origin, Referer, Origin,Accept-Encoding","date":"Wed, 15 Apr 2020 01:25:24 GMT","server":"ESF","cache-control":"private","x-xss-protection":"0","x-frame-options":"SAMEORIGIN","x-content-type-options":"nosniff","alt-svc":"quic=\":443\"; ma=2592000; v=\"46,43\",h3-Q050=\":443\"; ma=2592000,h3-Q049=\":443\"; ma=2592000,h3-Q048=\":443\"; ma=2592000,h3-Q046=\":443\"; ma=2592000,h3-Q043=\":443\"; ma=2592000,h3-T050=\":443\"; ma=2592000","accept-ranges":"none","transfer-encoding":"chunked"}
[debug] [2020-04-15T01:25:22.727Z] [hosting][populate queue][FINAL] {"max":484,"min":484,"avg":484,"active":0,"complete":1,"success":1,"errored":0,"retried":0,"total":1,"elapsed":488}
[debug] [2020-04-15T01:25:22.727Z] [hosting] uploads queued: 1
[debug] [2020-04-15T01:26:33.810Z] ----------------------------------------------------------------------
[debug] [2020-04-15T01:26:33.814Z] Command:       C:\Program Files\nodejs\node.exe C:\Users\workgroup\AppData\Roaming\npm\node_modules\firebase-tools\lib\bin\firebase.js deploy --only hosting
[debug] [2020-04-15T01:26:33.814Z] CLI Version:   8.0.3
[debug] [2020-04-15T01:26:33.814Z] Platform:      win32
[debug] [2020-04-15T01:26:33.814Z] Node Version:  v12.16.1
[debug] [2020-04-15T01:26:33.816Z] Time:          Tue Apr 14 2020 21:26:33 GMT-0400 (Eastern Daylight Time)
[debug] [2020-04-15T01:26:33.816Z] ----------------------------------------------------------------------
[debug] [2020-04-15T01:26:33.817Z] 
[debug] [2020-04-15T01:26:33.827Z] > command requires scopes: ["email","openid","https://www.googleapis.com/auth/cloudplatformprojects.readonly","https://www.googleapis.com/auth/firebase","https://www.googleapis.com/auth/cloud-platform"]
[debug] [2020-04-15T01:26:33.828Z] > authorizing via signed-in user
[debug] [2020-04-15T01:26:33.829Z] [iam] checking project emajohn-ecommerce for permissions ["firebase.projects.get","firebasehosting.sites.update"]
[debug] [2020-04-15T01:26:33.833Z] >>> HTTP REQUEST POST https://cloudresourcemanager.googleapis.com/v1/projects/emajohn-ecommerce:testIamPermissions  
 {"permissions":["firebase.projects.get","firebasehosting.sites.update"]}
[debug] [2020-04-15T01:26:34.052Z] <<< HTTP RESPONSE 200 {"content-type":"application/json; charset=UTF-8","vary":"X-Origin, Referer, Origin,Accept-Encoding","date":"Wed, 15 Apr 2020 01:26:35 GMT","server":"ESF","cache-control":"private","x-xss-protection":"0","x-frame-options":"SAMEORIGIN","x-content-type-options":"nosniff","server-timing":"gfet4t7; dur=56","alt-svc":"quic=\":443\"; ma=2592000; v=\"46,43\",h3-Q050=\":443\"; ma=2592000,h3-Q049=\":443\"; ma=2592000,h3-Q048=\":443\"; ma=2592000,h3-Q046=\":443\"; ma=2592000,h3-Q043=\":443\"; ma=2592000,h3-T050=\":443\"; ma=2592000","accept-ranges":"none","transfer-encoding":"chunked"}
[debug] [2020-04-15T01:26:34.054Z] >>> HTTP REQUEST GET https://firebase.googleapis.com/v1beta1/projects/emajohn-ecommerce  
 
[debug] [2020-04-15T01:26:34.307Z] <<< HTTP RESPONSE 200 {"content-type":"application/json; charset=UTF-8","vary":"X-Origin, Referer, Origin,Accept-Encoding","date":"Wed, 15 Apr 2020 01:26:35 GMT","server":"ESF","cache-control":"private","x-xss-protection":"0","x-frame-options":"SAMEORIGIN","x-content-type-options":"nosniff","alt-svc":"quic=\":443\"; ma=2592000; v=\"46,43\",h3-Q050=\":443\"; ma=2592000,h3-Q049=\":443\"; ma=2592000,h3-Q048=\":443\"; ma=2592000,h3-Q046=\":443\"; ma=2592000,h3-Q043=\":443\"; ma=2592000,h3-T050=\":443\"; ma=2592000","accept-ranges":"none","transfer-encoding":"chunked"}
[info] 
[info] === Deploying to 'emajohn-ecommerce'...
[info] 
[info] i  deploying hosting
[debug] [2020-04-15T01:26:34.313Z] >>> HTTP REQUEST POST https://firebasehosting.googleapis.com/v1beta1/sites/emajohn-ecommerce/versions  
 {"config":{"rewrites":[{"glob":"**","path":"/index.html"}]},"labels":{"deployment-tool":"cli-firebase"}}
[debug] [2020-04-15T01:26:34.885Z] <<< HTTP RESPONSE 200 {"content-type":"application/json; charset=UTF-8","vary":"X-Origin, Referer, Origin,Accept-Encoding","date":"Wed, 15 Apr 2020 01:26:36 GMT","server":"ESF","cache-control":"private","x-xss-protection":"0","x-frame-options":"SAMEORIGIN","x-content-type-options":"nosniff","alt-svc":"quic=\":443\"; ma=2592000; v=\"46,43\",h3-Q050=\":443\"; ma=2592000,h3-Q049=\":443\"; ma=2592000,h3-Q048=\":443\"; ma=2592000,h3-Q046=\":443\"; ma=2592000,h3-Q043=\":443\"; ma=2592000,h3-T050=\":443\"; ma=2592000","accept-ranges":"none","transfer-encoding":"chunked"}
[info] i  hosting[emajohn-ecommerce]: beginning deploy...
[info] i  hosting[emajohn-ecommerce]: found 20 files in build
[debug] [2020-04-15T01:26:34.905Z] [hosting] hash cache [YnVpbGQ] stored for 20 files
[debug] [2020-04-15T01:26:34.905Z] [hosting][hash queue][FINAL] {"max":3,"min":0,"avg":0,"active":0,"complete":20,"success":20,"errored":0,"retried":0,"total":20,"elapsed":5}
[debug] [2020-04-15T01:26:34.905Z] >>> HTTP REQUEST POST https://firebasehosting.googleapis.com/v1beta1/sites/emajohn-ecommerce/versions/9db44f23501933f3:populateFiles  
 <request body omitted>
[debug] [2020-04-15T01:26:35.329Z] <<< HTTP RESPONSE 200 {"content-type":"application/json; charset=UTF-8","vary":"X-Origin, Referer, Origin,Accept-Encoding","date":"Wed, 15 Apr 2020 01:26:36 GMT","server":"ESF","cache-control":"private","x-xss-protection":"0","x-frame-options":"SAMEORIGIN","x-content-type-options":"nosniff","alt-svc":"quic=\":443\"; ma=2592000; v=\"46,43\",h3-Q050=\":443\"; ma=2592000,h3-Q049=\":443\"; ma=2592000,h3-Q048=\":443\"; ma=2592000,h3-Q046=\":443\"; ma=2592000,h3-Q043=\":443\"; ma=2592000,h3-T050=\":443\"; ma=2592000","accept-ranges":"none","transfer-encoding":"chunked"}
[debug] [2020-04-15T01:26:35.331Z] [hosting][populate queue][FINAL] {"max":426,"min":426,"avg":426,"active":0,"complete":1,"success":1,"errored":0,"retried":0,"total":1,"elapsed":428}
[debug] [2020-04-15T01:26:35.332Z] [hosting] uploads queued: 1
[debug] [2020-04-15T01:28:24.886Z] ----------------------------------------------------------------------
[debug] [2020-04-15T01:28:24.889Z] Command:       C:\Program Files\nodejs\node.exe C:\Users\workgroup\AppData\Roaming\npm\node_modules\firebase-tools\lib\bin\firebase.js deploy
[debug] [2020-04-15T01:28:24.889Z] CLI Version:   8.0.3
[debug] [2020-04-15T01:28:24.889Z] Platform:      win32
[debug] [2020-04-15T01:28:24.889Z] Node Version:  v12.16.1
[debug] [2020-04-15T01:28:24.891Z] Time:          Tue Apr 14 2020 21:28:24 GMT-0400 (Eastern Daylight Time)
[debug] [2020-04-15T01:28:24.892Z] ----------------------------------------------------------------------
[debug] [2020-04-15T01:28:24.892Z] 
[debug] [2020-04-15T01:28:24.902Z] > command requires scopes: ["email","openid","https://www.googleapis.com/auth/cloudplatformprojects.readonly","https://www.googleapis.com/auth/firebase","https://www.googleapis.com/auth/cloud-platform"]
[debug] [2020-04-15T01:28:24.903Z] > authorizing via signed-in user
[debug] [2020-04-15T01:28:24.903Z] [iam] checking project emajohn-ecommerce for permissions ["firebase.projects.get","firebasehosting.sites.update"]
[debug] [2020-04-15T01:28:24.907Z] >>> HTTP REQUEST POST https://cloudresourcemanager.googleapis.com/v1/projects/emajohn-ecommerce:testIamPermissions  
 {"permissions":["firebase.projects.get","firebasehosting.sites.update"]}
[debug] [2020-04-15T01:28:25.125Z] <<< HTTP RESPONSE 200 {"content-type":"application/json; charset=UTF-8","vary":"X-Origin, Referer, Origin,Accept-Encoding","date":"Wed, 15 Apr 2020 01:28:26 GMT","server":"ESF","cache-control":"private","x-xss-protection":"0","x-frame-options":"SAMEORIGIN","x-content-type-options":"nosniff","server-timing":"gfet4t7; dur=65","alt-svc":"quic=\":443\"; ma=2592000; v=\"46,43\",h3-Q050=\":443\"; ma=2592000,h3-Q049=\":443\"; ma=2592000,h3-Q048=\":443\"; ma=2592000,h3-Q046=\":443\"; ma=2592000,h3-Q043=\":443\"; ma=2592000,h3-T050=\":443\"; ma=2592000","accept-ranges":"none","transfer-encoding":"chunked"}
[debug] [2020-04-15T01:28:25.127Z] >>> HTTP REQUEST GET https://firebase.googleapis.com/v1beta1/projects/emajohn-ecommerce  
 
[debug] [2020-04-15T01:28:25.308Z] <<< HTTP RESPONSE 200 {"content-type":"application/json; charset=UTF-8","vary":"X-Origin, Referer, Origin,Accept-Encoding","date":"Wed, 15 Apr 2020 01:28:26 GMT","server":"ESF","cache-control":"private","x-xss-protection":"0","x-frame-options":"SAMEORIGIN","x-content-type-options":"nosniff","alt-svc":"quic=\":443\"; ma=2592000; v=\"46,43\",h3-Q050=\":443\"; ma=2592000,h3-Q049=\":443\"; ma=2592000,h3-Q048=\":443\"; ma=2592000,h3-Q046=\":443\"; ma=2592000,h3-Q043=\":443\"; ma=2592000,h3-T050=\":443\"; ma=2592000","accept-ranges":"none","transfer-encoding":"chunked"}
[info] 
[info] === Deploying to 'emajohn-ecommerce'...
[info] 
[info] i  deploying hosting
[debug] [2020-04-15T01:28:25.313Z] >>> HTTP REQUEST POST https://firebasehosting.googleapis.com/v1beta1/sites/emajohn-ecommerce/versions  
 {"config":{"rewrites":[{"glob":"**","path":"/index.html"}]},"labels":{"deployment-tool":"cli-firebase"}}
[debug] [2020-04-15T01:28:25.828Z] <<< HTTP RESPONSE 200 {"content-type":"application/json; charset=UTF-8","vary":"X-Origin, Referer, Origin,Accept-Encoding","date":"Wed, 15 Apr 2020 01:28:27 GMT","server":"ESF","cache-control":"private","x-xss-protection":"0","x-frame-options":"SAMEORIGIN","x-content-type-options":"nosniff","alt-svc":"quic=\":443\"; ma=2592000; v=\"46,43\",h3-Q050=\":443\"; ma=2592000,h3-Q049=\":443\"; ma=2592000,h3-Q048=\":443\"; ma=2592000,h3-Q046=\":443\"; ma=2592000,h3-Q043=\":443\"; ma=2592000,h3-T050=\":443\"; ma=2592000","accept-ranges":"none","transfer-encoding":"chunked"}
[info] i  hosting[emajohn-ecommerce]: beginning deploy...
[info] i  hosting[emajohn-ecommerce]: found 20 files in build
[debug] [2020-04-15T01:28:25.850Z] [hosting] hash cache [YnVpbGQ] stored for 20 files
[debug] [2020-04-15T01:28:25.850Z] [hosting][hash queue][FINAL] {"max":4,"min":1,"avg":1,"active":0,"complete":20,"success":20,"errored":0,"retried":0,"total":20,"elapsed":6}
[debug] [2020-04-15T01:28:25.850Z] >>> HTTP REQUEST POST https://firebasehosting.googleapis.com/v1beta1/sites/emajohn-ecommerce/versions/782c1631284f28c6:populateFiles  
 <request body omitted>
[debug] [2020-04-15T01:28:26.268Z] <<< HTTP RESPONSE 200 {"content-type":"application/json; charset=UTF-8","vary":"X-Origin, Referer, Origin,Accept-Encoding","date":"Wed, 15 Apr 2020 01:28:27 GMT","server":"ESF","cache-control":"private","x-xss-protection":"0","x-frame-options":"SAMEORIGIN","x-content-type-options":"nosniff","alt-svc":"quic=\":443\"; ma=2592000; v=\"46,43\",h3-Q050=\":443\"; ma=2592000,h3-Q049=\":443\"; ma=2592000,h3-Q048=\":443\"; ma=2592000,h3-Q046=\":443\"; ma=2592000,h3-Q043=\":443\"; ma=2592000,h3-T050=\":443\"; ma=2592000","accept-ranges":"none","transfer-encoding":"chunked"}
[debug] [2020-04-15T01:28:26.270Z] [hosting][populate queue][FINAL] {"max":420,"min":420,"avg":420,"active":0,"complete":1,"success":1,"errored":0,"retried":0,"total":1,"elapsed":422}
[debug] [2020-04-15T01:28:26.271Z] [hosting] uploads queued: 1
[debug] [2020-04-15T01:30:41.064Z] [uploadQueue] Retrying task 95d1c42718616b96867ef9fe5defea149b9ef347bf0beb69a583977b01e5bd85
